<?xml version="1.0" encoding="UTF-8"?>
<!-- Generated by org.testng.reporters.JUnitXMLReporter -->
<testsuite hostname="DESKTOP-05ECBNF" name="First test" tests="1" failures="1" timestamp="21 Nov 2019 05:54:48 GMT" time="0.681" errors="0">
  <testcase name="run_cukes" time="0.659" classname="qai.login_gmail_runners.FirstRunner">
    <failure type="cucumber.runtime.CucumberException" message="java.lang.NullPointerException">
      <![CDATA[cucumber.runtime.CucumberException: java.lang.NullPointerException
	at cucumber.api.testng.TestNGCucumberRunner.runCukes(TestNGCucumberRunner.java:48)
	at cucumber.api.testng.AbstractTestNGCucumberTests.run_cukes(AbstractTestNGCucumberTests.java:14)
	at cucumber.api.testng.AbstractTestNGCucumberTests.run(AbstractTestNGCucumberTests.java:19)
Caused by: java.lang.NullPointerException
	at qai.login_gmail_actions.loginpage_actions.openurl(loginpage_actions.java:9)
	at qai.login_gmail_stepdefs.StepDef_login.opengmail(StepDef_login.java:12)
	at ✽.Given I am on gmail website(featuretest.feature:6)
... Removed 26 stack frames]]>
    </failure>
  </testcase> <!-- run_cukes -->
</testsuite> <!-- First test -->
