<?xml version="1.0" encoding="UTF-8"?>
<testng-results skipped="0" failed="0" total="1" passed="1">
  <reporter-output>
  </reporter-output>
  <suite name="Default suite" duration-ms="12270" started-at="2019-11-25T10:06:50Z" finished-at="2019-11-25T10:07:03Z">
    <groups>
      <group name="cucumber">
        <method signature="AbstractTestNGCucumberTests.runScenario(io.cucumber.testng.PickleWrapper, io.cucumber.testng.FeatureWrapper)[pri:0, instance:qai.login_gmail_runners.FirstRunner@60c6f5b]" name="runScenario" class="io.cucumber.testng.AbstractTestNGCucumberTests"/>
      </group> <!-- cucumber -->
    </groups>
    <test name="Default test" duration-ms="12270" started-at="2019-11-25T10:06:50Z" finished-at="2019-11-25T10:07:03Z">
      <class name="qai.login_gmail_runners.FirstRunner">
        <test-method status="PASS" signature="setUpClass()[pri:0, instance:qai.login_gmail_runners.FirstRunner@60c6f5b]" name="setUpClass" is-config="true" duration-ms="330" started-at="2019-11-25T15:36:50Z" finished-at="2019-11-25T15:36:51Z">
          <reporter-output>
          </reporter-output>
        </test-method> <!-- setUpClass -->
        <test-method status="PASS" signature="runSetup()[pri:0, instance:qai.login_gmail_runners.FirstRunner@60c6f5b]" name="runSetup" is-config="true" duration-ms="6284" started-at="2019-11-25T15:36:51Z" finished-at="2019-11-25T15:36:57Z">
          <reporter-output>
          </reporter-output>
        </test-method> <!-- runSetup -->
        <test-method status="PASS" signature="runScenario(io.cucumber.testng.PickleWrapper, io.cucumber.testng.FeatureWrapper)[pri:0, instance:qai.login_gmail_runners.FirstRunner@60c6f5b]" name="runScenario" duration-ms="5407" started-at="2019-11-25T15:36:57Z" description="Runs Cucumber Scenarios" data-provider="scenarios" finished-at="2019-11-25T15:37:03Z">
          <params>
            <param index="0">
              <value>
                <![CDATA["User is able to login in gmail account"]]>
              </value>
            </param>
            <param index="1">
              <value>
                <![CDATA["Gmail login"]]>
              </value>
            </param>
          </params>
          <reporter-output>
          </reporter-output>
        </test-method> <!-- runScenario -->
        <test-method status="PASS" signature="tearDownClass()[pri:0, instance:qai.login_gmail_runners.FirstRunner@60c6f5b]" name="tearDownClass" is-config="true" duration-ms="77" started-at="2019-11-25T15:37:03Z" finished-at="2019-11-25T15:37:03Z">
          <reporter-output>
          </reporter-output>
        </test-method> <!-- tearDownClass -->
      </class> <!-- qai.login_gmail_runners.FirstRunner -->
    </test> <!-- Default test -->
  </suite> <!-- Default suite -->
</testng-results>
